c:\users\coco\source\repos\keygen\keygen\keygen\x64\debug\keygen.pch
c:\users\coco\source\repos\keygen\keygen\keygen\x64\debug\vc145.pdb
c:\users\coco\source\repos\keygen\keygen\keygen\x64\debug\vc145.idb
c:\users\coco\source\repos\keygen\keygen\keygen\x64\debug\pch.obj
c:\users\coco\source\repos\keygen\keygen\keygen\x64\debug\keygendlg.obj
c:\users\coco\source\repos\keygen\keygen\keygen\x64\debug\keygen.obj
c:\users\coco\source\repos\keygen\keygen\x64\debug\keygen.exe
c:\users\coco\source\repos\keygen\keygen\x64\debug\keygen.pdb
c:\users\coco\source\repos\keygen\keygen\keygen\x64\debug\keygen.res
c:\users\coco\source\repos\keygen\keygen\keygen\x64\debug\keygen.ilk
c:\users\coco\source\repos\keygen\keygen\x64\debug\keygen.ilk
c:\users\coco\source\repos\keygen\keygen\keygen\x64\debug\keygen.tlog\cl.command.1.tlog
c:\users\coco\source\repos\keygen\keygen\keygen\x64\debug\keygen.tlog\cl.items.tlog
c:\users\coco\source\repos\keygen\keygen\keygen\x64\debug\keygen.tlog\cl.read.1.tlog
c:\users\coco\source\repos\keygen\keygen\keygen\x64\debug\keygen.tlog\cl.write.1.tlog
c:\users\coco\source\repos\keygen\keygen\keygen\x64\debug\keygen.tlog\link.command.1.tlog
c:\users\coco\source\repos\keygen\keygen\keygen\x64\debug\keygen.tlog\link.read.1.tlog
c:\users\coco\source\repos\keygen\keygen\keygen\x64\debug\keygen.tlog\link.secondary.1.tlog
c:\users\coco\source\repos\keygen\keygen\keygen\x64\debug\keygen.tlog\link.write.1.tlog
c:\users\coco\source\repos\keygen\keygen\keygen\x64\debug\keygen.tlog\rc.command.1.tlog
c:\users\coco\source\repos\keygen\keygen\keygen\x64\debug\keygen.tlog\rc.read.1.tlog
c:\users\coco\source\repos\keygen\keygen\keygen\x64\debug\keygen.tlog\rc.write.1.tlog
