c:\users\coco\source\repos\keygen\homer\homer\x64\debug\homer.pch
c:\users\coco\source\repos\keygen\homer\homer\x64\debug\vc145.pdb
c:\users\coco\source\repos\keygen\homer\homer\x64\debug\vc145.idb
c:\users\coco\source\repos\keygen\homer\homer\x64\debug\pch.obj
c:\users\coco\source\repos\keygen\homer\homer\x64\debug\homerdlg.obj
c:\users\coco\source\repos\keygen\homer\homer\x64\debug\homer.obj
c:\users\coco\source\repos\keygen\homer\x64\debug\homer.exe
c:\users\coco\source\repos\keygen\homer\x64\debug\homer.pdb
c:\users\coco\source\repos\keygen\homer\homer\x64\debug\homer.res
c:\users\coco\source\repos\keygen\homer\homer\x64\debug\homer.ilk
c:\users\coco\source\repos\keygen\homer\x64\debug\homer.ilk
c:\users\coco\source\repos\keygen\homer\homer\x64\debug\homer.tlog\cl.command.1.tlog
c:\users\coco\source\repos\keygen\homer\homer\x64\debug\homer.tlog\cl.items.tlog
c:\users\coco\source\repos\keygen\homer\homer\x64\debug\homer.tlog\cl.read.1.tlog
c:\users\coco\source\repos\keygen\homer\homer\x64\debug\homer.tlog\cl.write.1.tlog
c:\users\coco\source\repos\keygen\homer\homer\x64\debug\homer.tlog\link.command.1.tlog
c:\users\coco\source\repos\keygen\homer\homer\x64\debug\homer.tlog\link.read.1.tlog
c:\users\coco\source\repos\keygen\homer\homer\x64\debug\homer.tlog\link.secondary.1.tlog
c:\users\coco\source\repos\keygen\homer\homer\x64\debug\homer.tlog\link.write.1.tlog
c:\users\coco\source\repos\keygen\homer\homer\x64\debug\homer.tlog\rc.command.1.tlog
c:\users\coco\source\repos\keygen\homer\homer\x64\debug\homer.tlog\rc.read.1.tlog
c:\users\coco\source\repos\keygen\homer\homer\x64\debug\homer.tlog\rc.write.1.tlog
